<?xml version="1.0" encoding="UTF-8"?>
<testsuite name="com.kodilla.ecommercee.userTest.UserTestSuite" tests="4" skipped="0" failures="0" errors="0" timestamp="2024-03-23T14:10:48" hostname="MICHAL" time="0.024">
  <properties/>
  <testcase name="testUserRepositoryFindById()" classname="com.kodilla.ecommercee.userTest.UserTestSuite" time="0.005"/>
  <testcase name="testSaveUser()" classname="com.kodilla.ecommercee.userTest.UserTestSuite" time="0.004"/>
  <testcase name="testFindAllUsers()" classname="com.kodilla.ecommercee.userTest.UserTestSuite" time="0.009"/>
  <testcase name="testDeleteUser()" classname="com.kodilla.ecommercee.userTest.UserTestSuite" time="0.005"/>
  <system-out><![CDATA[2024-03-23 15:10:48.651  INFO 9900 --- [    Test worker] .b.t.c.SpringBootTestContextBootstrapper : Neither @ContextConfiguration nor @ContextHierarchy found for test class [com.kodilla.ecommercee.userTest.UserTestSuite], using SpringBootContextLoader
2024-03-23 15:10:48.652  INFO 9900 --- [    Test worker] o.s.t.c.support.AbstractContextLoader    : Could not detect default resource locations for test class [com.kodilla.ecommercee.userTest.UserTestSuite]: no resource found for suffixes {-context.xml, Context.groovy}.
2024-03-23 15:10:48.652  INFO 9900 --- [    Test worker] t.c.s.AnnotationConfigContextLoaderUtils : Could not detect default configuration classes for test class [com.kodilla.ecommercee.userTest.UserTestSuite]: UserTestSuite does not declare any static, non-private, non-final, nested classes annotated with @Configuration.
2024-03-23 15:10:48.654  INFO 9900 --- [    Test worker] .b.t.c.SpringBootTestContextBootstrapper : Found @SpringBootConfiguration com.kodilla.ecommercee.EcommerceeApplication for test class com.kodilla.ecommercee.userTest.UserTestSuite
2024-03-23 15:10:48.655  INFO 9900 --- [    Test worker] .b.t.c.SpringBootTestContextBootstrapper : Loaded default TestExecutionListener class names from location [META-INF/spring.factories]: [org.springframework.boot.test.autoconfigure.restdocs.RestDocsTestExecutionListener, org.springframework.boot.test.autoconfigure.web.client.MockRestServiceServerResetTestExecutionListener, org.springframework.boot.test.autoconfigure.web.servlet.MockMvcPrintOnlyOnFailureTestExecutionListener, org.springframework.boot.test.autoconfigure.web.servlet.WebDriverTestExecutionListener, org.springframework.boot.test.autoconfigure.webservices.client.MockWebServiceServerTestExecutionListener, org.springframework.boot.test.mock.mockito.MockitoTestExecutionListener, org.springframework.boot.test.mock.mockito.ResetMocksTestExecutionListener, org.springframework.test.context.web.ServletTestExecutionListener, org.springframework.test.context.support.DirtiesContextBeforeModesTestExecutionListener, org.springframework.test.context.event.ApplicationEventsTestExecutionListener, org.springframework.test.context.support.DependencyInjectionTestExecutionListener, org.springframework.test.context.support.DirtiesContextTestExecutionListener, org.springframework.test.context.transaction.TransactionalTestExecutionListener, org.springframework.test.context.jdbc.SqlScriptsTestExecutionListener, org.springframework.test.context.event.EventPublishingTestExecutionListener]
2024-03-23 15:10:48.657  INFO 9900 --- [    Test worker] .b.t.c.SpringBootTestContextBootstrapper : Using TestExecutionListeners: [org.springframework.test.context.web.ServletTestExecutionListener@16a83016, org.springframework.test.context.support.DirtiesContextBeforeModesTestExecutionListener@592efd6, org.springframework.test.context.event.ApplicationEventsTestExecutionListener@33903444, org.springframework.boot.test.mock.mockito.MockitoTestExecutionListener@6149adee, org.springframework.boot.test.autoconfigure.SpringBootDependencyInjectionTestExecutionListener@36361951, org.springframework.test.context.support.DirtiesContextTestExecutionListener@24c8bc1e, org.springframework.test.context.transaction.TransactionalTestExecutionListener@16488ed7, org.springframework.test.context.jdbc.SqlScriptsTestExecutionListener@3ac2772d, org.springframework.test.context.event.EventPublishingTestExecutionListener@3c380db5, org.springframework.boot.test.autoconfigure.restdocs.RestDocsTestExecutionListener@5df17e60, org.springframework.boot.test.autoconfigure.web.client.MockRestServiceServerResetTestExecutionListener@f9d7d3f, org.springframework.boot.test.autoconfigure.web.servlet.MockMvcPrintOnlyOnFailureTestExecutionListener@264f18fe, org.springframework.boot.test.autoconfigure.web.servlet.WebDriverTestExecutionListener@5a66fc27, org.springframework.boot.test.autoconfigure.webservices.client.MockWebServiceServerTestExecutionListener@cb29b75, org.springframework.boot.test.mock.mockito.ResetMocksTestExecutionListener@68226b59]
2024-03-23 15:10:48.659  INFO 9900 --- [    Test worker] o.s.t.c.transaction.TransactionContext   : Began transaction (1) for test context [DefaultTestContext@5b1e5366 testClass = UserTestSuite, testInstance = com.kodilla.ecommercee.userTest.UserTestSuite@43ef1243, testMethod = testUserRepositoryFindById@UserTestSuite, testException = [null], mergedContextConfiguration = [WebMergedContextConfiguration@386cc1c4 testClass = UserTestSuite, locations = '{}', classes = '{class com.kodilla.ecommercee.EcommerceeApplication}', contextInitializerClasses = '[]', activeProfiles = '{}', propertySourceLocations = '{}', propertySourceProperties = '{org.springframework.boot.test.context.SpringBootTestContextBootstrapper=true}', contextCustomizers = set[org.springframework.boot.test.autoconfigure.actuate.metrics.MetricsExportContextCustomizerFactory$DisableMetricExportContextCustomizer@6d1ef78d, org.springframework.boot.test.autoconfigure.properties.PropertyMappingContextCustomizer@0, org.springframework.boot.test.autoconfigure.web.servlet.WebDriverContextCustomizerFactory$Customizer@77258e59, org.springframework.boot.test.context.filter.ExcludeFilterContextCustomizer@142269f2, org.springframework.boot.test.json.DuplicateJsonObjectContextCustomizerFactory$DuplicateJsonObjectContextCustomizer@8dbfffb, org.springframework.boot.test.mock.mockito.MockitoContextCustomizer@0, org.springframework.boot.test.web.client.TestRestTemplateContextCustomizer@530712d, org.springframework.boot.test.context.SpringBootTestArgs@1, org.springframework.boot.test.context.SpringBootTestWebEnvironment@7e5afaa6], resourceBasePath = 'src/main/webapp', contextLoader = 'org.springframework.boot.test.context.SpringBootContextLoader', parent = [null]], attributes = map['org.springframework.test.context.web.ServletTestExecutionListener.activateListener' -> true, 'org.springframework.test.context.web.ServletTestExecutionListener.populatedRequestContextHolder' -> true, 'org.springframework.test.context.web.ServletTestExecutionListener.resetRequestContextHolder' -> true, 'org.springframework.test.context.event.ApplicationEventsTestExecutionListener.recordApplicationEvents' -> false]]; transaction manager [org.springframework.orm.jpa.JpaTransactionManager@21d561c9]; rollback [true]
2024-03-23 15:10:48.662  INFO 9900 --- [    Test worker] o.s.t.c.transaction.TransactionContext   : Rolled back transaction for test: [DefaultTestContext@5b1e5366 testClass = UserTestSuite, testInstance = com.kodilla.ecommercee.userTest.UserTestSuite@43ef1243, testMethod = testUserRepositoryFindById@UserTestSuite, testException = [null], mergedContextConfiguration = [WebMergedContextConfiguration@386cc1c4 testClass = UserTestSuite, locations = '{}', classes = '{class com.kodilla.ecommercee.EcommerceeApplication}', contextInitializerClasses = '[]', activeProfiles = '{}', propertySourceLocations = '{}', propertySourceProperties = '{org.springframework.boot.test.context.SpringBootTestContextBootstrapper=true}', contextCustomizers = set[org.springframework.boot.test.autoconfigure.actuate.metrics.MetricsExportContextCustomizerFactory$DisableMetricExportContextCustomizer@6d1ef78d, org.springframework.boot.test.autoconfigure.properties.PropertyMappingContextCustomizer@0, org.springframework.boot.test.autoconfigure.web.servlet.WebDriverContextCustomizerFactory$Customizer@77258e59, org.springframework.boot.test.context.filter.ExcludeFilterContextCustomizer@142269f2, org.springframework.boot.test.json.DuplicateJsonObjectContextCustomizerFactory$DuplicateJsonObjectContextCustomizer@8dbfffb, org.springframework.boot.test.mock.mockito.MockitoContextCustomizer@0, org.springframework.boot.test.web.client.TestRestTemplateContextCustomizer@530712d, org.springframework.boot.test.context.SpringBootTestArgs@1, org.springframework.boot.test.context.SpringBootTestWebEnvironment@7e5afaa6], resourceBasePath = 'src/main/webapp', contextLoader = 'org.springframework.boot.test.context.SpringBootContextLoader', parent = [null]], attributes = map['org.springframework.test.context.web.ServletTestExecutionListener.activateListener' -> true, 'org.springframework.test.context.web.ServletTestExecutionListener.populatedRequestContextHolder' -> true, 'org.springframework.test.context.web.ServletTestExecutionListener.resetRequestContextHolder' -> true, 'org.springframework.test.context.event.ApplicationEventsTestExecutionListener.recordApplicationEvents' -> false]]
2024-03-23 15:10:48.664  INFO 9900 --- [    Test worker] o.s.t.c.transaction.TransactionContext   : Began transaction (1) for test context [DefaultTestContext@5b1e5366 testClass = UserTestSuite, testInstance = com.kodilla.ecommercee.userTest.UserTestSuite@2c9616bb, testMethod = testSaveUser@UserTestSuite, testException = [null], mergedContextConfiguration = [WebMergedContextConfiguration@386cc1c4 testClass = UserTestSuite, locations = '{}', classes = '{class com.kodilla.ecommercee.EcommerceeApplication}', contextInitializerClasses = '[]', activeProfiles = '{}', propertySourceLocations = '{}', propertySourceProperties = '{org.springframework.boot.test.context.SpringBootTestContextBootstrapper=true}', contextCustomizers = set[org.springframework.boot.test.autoconfigure.actuate.metrics.MetricsExportContextCustomizerFactory$DisableMetricExportContextCustomizer@6d1ef78d, org.springframework.boot.test.autoconfigure.properties.PropertyMappingContextCustomizer@0, org.springframework.boot.test.autoconfigure.web.servlet.WebDriverContextCustomizerFactory$Customizer@77258e59, org.springframework.boot.test.context.filter.ExcludeFilterContextCustomizer@142269f2, org.springframework.boot.test.json.DuplicateJsonObjectContextCustomizerFactory$DuplicateJsonObjectContextCustomizer@8dbfffb, org.springframework.boot.test.mock.mockito.MockitoContextCustomizer@0, org.springframework.boot.test.web.client.TestRestTemplateContextCustomizer@530712d, org.springframework.boot.test.context.SpringBootTestArgs@1, org.springframework.boot.test.context.SpringBootTestWebEnvironment@7e5afaa6], resourceBasePath = 'src/main/webapp', contextLoader = 'org.springframework.boot.test.context.SpringBootContextLoader', parent = [null]], attributes = map['org.springframework.test.context.web.ServletTestExecutionListener.activateListener' -> true, 'org.springframework.test.context.web.ServletTestExecutionListener.populatedRequestContextHolder' -> true, 'org.springframework.test.context.web.ServletTestExecutionListener.resetRequestContextHolder' -> true, 'org.springframework.test.context.event.ApplicationEventsTestExecutionListener.recordApplicationEvents' -> false]]; transaction manager [org.springframework.orm.jpa.JpaTransactionManager@21d561c9]; rollback [true]
2024-03-23 15:10:48.667  INFO 9900 --- [    Test worker] o.s.t.c.transaction.TransactionContext   : Rolled back transaction for test: [DefaultTestContext@5b1e5366 testClass = UserTestSuite, testInstance = com.kodilla.ecommercee.userTest.UserTestSuite@2c9616bb, testMethod = testSaveUser@UserTestSuite, testException = [null], mergedContextConfiguration = [WebMergedContextConfiguration@386cc1c4 testClass = UserTestSuite, locations = '{}', classes = '{class com.kodilla.ecommercee.EcommerceeApplication}', contextInitializerClasses = '[]', activeProfiles = '{}', propertySourceLocations = '{}', propertySourceProperties = '{org.springframework.boot.test.context.SpringBootTestContextBootstrapper=true}', contextCustomizers = set[org.springframework.boot.test.autoconfigure.actuate.metrics.MetricsExportContextCustomizerFactory$DisableMetricExportContextCustomizer@6d1ef78d, org.springframework.boot.test.autoconfigure.properties.PropertyMappingContextCustomizer@0, org.springframework.boot.test.autoconfigure.web.servlet.WebDriverContextCustomizerFactory$Customizer@77258e59, org.springframework.boot.test.context.filter.ExcludeFilterContextCustomizer@142269f2, org.springframework.boot.test.json.DuplicateJsonObjectContextCustomizerFactory$DuplicateJsonObjectContextCustomizer@8dbfffb, org.springframework.boot.test.mock.mockito.MockitoContextCustomizer@0, org.springframework.boot.test.web.client.TestRestTemplateContextCustomizer@530712d, org.springframework.boot.test.context.SpringBootTestArgs@1, org.springframework.boot.test.context.SpringBootTestWebEnvironment@7e5afaa6], resourceBasePath = 'src/main/webapp', contextLoader = 'org.springframework.boot.test.context.SpringBootContextLoader', parent = [null]], attributes = map['org.springframework.test.context.web.ServletTestExecutionListener.activateListener' -> true, 'org.springframework.test.context.web.ServletTestExecutionListener.populatedRequestContextHolder' -> true, 'org.springframework.test.context.web.ServletTestExecutionListener.resetRequestContextHolder' -> true, 'org.springframework.test.context.event.ApplicationEventsTestExecutionListener.recordApplicationEvents' -> false]]
2024-03-23 15:10:48.668  INFO 9900 --- [    Test worker] o.s.t.c.transaction.TransactionContext   : Began transaction (1) for test context [DefaultTestContext@5b1e5366 testClass = UserTestSuite, testInstance = com.kodilla.ecommercee.userTest.UserTestSuite@2154de40, testMethod = testFindAllUsers@UserTestSuite, testException = [null], mergedContextConfiguration = [WebMergedContextConfiguration@386cc1c4 testClass = UserTestSuite, locations = '{}', classes = '{class com.kodilla.ecommercee.EcommerceeApplication}', contextInitializerClasses = '[]', activeProfiles = '{}', propertySourceLocations = '{}', propertySourceProperties = '{org.springframework.boot.test.context.SpringBootTestContextBootstrapper=true}', contextCustomizers = set[org.springframework.boot.test.autoconfigure.actuate.metrics.MetricsExportContextCustomizerFactory$DisableMetricExportContextCustomizer@6d1ef78d, org.springframework.boot.test.autoconfigure.properties.PropertyMappingContextCustomizer@0, org.springframework.boot.test.autoconfigure.web.servlet.WebDriverContextCustomizerFactory$Customizer@77258e59, org.springframework.boot.test.context.filter.ExcludeFilterContextCustomizer@142269f2, org.springframework.boot.test.json.DuplicateJsonObjectContextCustomizerFactory$DuplicateJsonObjectContextCustomizer@8dbfffb, org.springframework.boot.test.mock.mockito.MockitoContextCustomizer@0, org.springframework.boot.test.web.client.TestRestTemplateContextCustomizer@530712d, org.springframework.boot.test.context.SpringBootTestArgs@1, org.springframework.boot.test.context.SpringBootTestWebEnvironment@7e5afaa6], resourceBasePath = 'src/main/webapp', contextLoader = 'org.springframework.boot.test.context.SpringBootContextLoader', parent = [null]], attributes = map['org.springframework.test.context.web.ServletTestExecutionListener.activateListener' -> true, 'org.springframework.test.context.web.ServletTestExecutionListener.populatedRequestContextHolder' -> true, 'org.springframework.test.context.web.ServletTestExecutionListener.resetRequestContextHolder' -> true, 'org.springframework.test.context.event.ApplicationEventsTestExecutionListener.recordApplicationEvents' -> false]]; transaction manager [org.springframework.orm.jpa.JpaTransactionManager@21d561c9]; rollback [true]
2024-03-23 15:10:48.676  INFO 9900 --- [    Test worker] o.s.t.c.transaction.TransactionContext   : Rolled back transaction for test: [DefaultTestContext@5b1e5366 testClass = UserTestSuite, testInstance = com.kodilla.ecommercee.userTest.UserTestSuite@2154de40, testMethod = testFindAllUsers@UserTestSuite, testException = [null], mergedContextConfiguration = [WebMergedContextConfiguration@386cc1c4 testClass = UserTestSuite, locations = '{}', classes = '{class com.kodilla.ecommercee.EcommerceeApplication}', contextInitializerClasses = '[]', activeProfiles = '{}', propertySourceLocations = '{}', propertySourceProperties = '{org.springframework.boot.test.context.SpringBootTestContextBootstrapper=true}', contextCustomizers = set[org.springframework.boot.test.autoconfigure.actuate.metrics.MetricsExportContextCustomizerFactory$DisableMetricExportContextCustomizer@6d1ef78d, org.springframework.boot.test.autoconfigure.properties.PropertyMappingContextCustomizer@0, org.springframework.boot.test.autoconfigure.web.servlet.WebDriverContextCustomizerFactory$Customizer@77258e59, org.springframework.boot.test.context.filter.ExcludeFilterContextCustomizer@142269f2, org.springframework.boot.test.json.DuplicateJsonObjectContextCustomizerFactory$DuplicateJsonObjectContextCustomizer@8dbfffb, org.springframework.boot.test.mock.mockito.MockitoContextCustomizer@0, org.springframework.boot.test.web.client.TestRestTemplateContextCustomizer@530712d, org.springframework.boot.test.context.SpringBootTestArgs@1, org.springframework.boot.test.context.SpringBootTestWebEnvironment@7e5afaa6], resourceBasePath = 'src/main/webapp', contextLoader = 'org.springframework.boot.test.context.SpringBootContextLoader', parent = [null]], attributes = map['org.springframework.test.context.web.ServletTestExecutionListener.activateListener' -> true, 'org.springframework.test.context.web.ServletTestExecutionListener.populatedRequestContextHolder' -> true, 'org.springframework.test.context.web.ServletTestExecutionListener.resetRequestContextHolder' -> true, 'org.springframework.test.context.event.ApplicationEventsTestExecutionListener.recordApplicationEvents' -> false]]
2024-03-23 15:10:48.677  INFO 9900 --- [    Test worker] o.s.t.c.transaction.TransactionContext   : Began transaction (1) for test context [DefaultTestContext@5b1e5366 testClass = UserTestSuite, testInstance = com.kodilla.ecommercee.userTest.UserTestSuite@6107b3cb, testMethod = testDeleteUser@UserTestSuite, testException = [null], mergedContextConfiguration = [WebMergedContextConfiguration@386cc1c4 testClass = UserTestSuite, locations = '{}', classes = '{class com.kodilla.ecommercee.EcommerceeApplication}', contextInitializerClasses = '[]', activeProfiles = '{}', propertySourceLocations = '{}', propertySourceProperties = '{org.springframework.boot.test.context.SpringBootTestContextBootstrapper=true}', contextCustomizers = set[org.springframework.boot.test.autoconfigure.actuate.metrics.MetricsExportContextCustomizerFactory$DisableMetricExportContextCustomizer@6d1ef78d, org.springframework.boot.test.autoconfigure.properties.PropertyMappingContextCustomizer@0, org.springframework.boot.test.autoconfigure.web.servlet.WebDriverContextCustomizerFactory$Customizer@77258e59, org.springframework.boot.test.context.filter.ExcludeFilterContextCustomizer@142269f2, org.springframework.boot.test.json.DuplicateJsonObjectContextCustomizerFactory$DuplicateJsonObjectContextCustomizer@8dbfffb, org.springframework.boot.test.mock.mockito.MockitoContextCustomizer@0, org.springframework.boot.test.web.client.TestRestTemplateContextCustomizer@530712d, org.springframework.boot.test.context.SpringBootTestArgs@1, org.springframework.boot.test.context.SpringBootTestWebEnvironment@7e5afaa6], resourceBasePath = 'src/main/webapp', contextLoader = 'org.springframework.boot.test.context.SpringBootContextLoader', parent = [null]], attributes = map['org.springframework.test.context.web.ServletTestExecutionListener.activateListener' -> true, 'org.springframework.test.context.web.ServletTestExecutionListener.populatedRequestContextHolder' -> true, 'org.springframework.test.context.web.ServletTestExecutionListener.resetRequestContextHolder' -> true, 'org.springframework.test.context.event.ApplicationEventsTestExecutionListener.recordApplicationEvents' -> false]]; transaction manager [org.springframework.orm.jpa.JpaTransactionManager@21d561c9]; rollback [true]
2024-03-23 15:10:48.682  INFO 9900 --- [    Test worker] o.s.t.c.transaction.TransactionContext   : Rolled back transaction for test: [DefaultTestContext@5b1e5366 testClass = UserTestSuite, testInstance = com.kodilla.ecommercee.userTest.UserTestSuite@6107b3cb, testMethod = testDeleteUser@UserTestSuite, testException = [null], mergedContextConfiguration = [WebMergedContextConfiguration@386cc1c4 testClass = UserTestSuite, locations = '{}', classes = '{class com.kodilla.ecommercee.EcommerceeApplication}', contextInitializerClasses = '[]', activeProfiles = '{}', propertySourceLocations = '{}', propertySourceProperties = '{org.springframework.boot.test.context.SpringBootTestContextBootstrapper=true}', contextCustomizers = set[org.springframework.boot.test.autoconfigure.actuate.metrics.MetricsExportContextCustomizerFactory$DisableMetricExportContextCustomizer@6d1ef78d, org.springframework.boot.test.autoconfigure.properties.PropertyMappingContextCustomizer@0, org.springframework.boot.test.autoconfigure.web.servlet.WebDriverContextCustomizerFactory$Customizer@77258e59, org.springframework.boot.test.context.filter.ExcludeFilterContextCustomizer@142269f2, org.springframework.boot.test.json.DuplicateJsonObjectContextCustomizerFactory$DuplicateJsonObjectContextCustomizer@8dbfffb, org.springframework.boot.test.mock.mockito.MockitoContextCustomizer@0, org.springframework.boot.test.web.client.TestRestTemplateContextCustomizer@530712d, org.springframework.boot.test.context.SpringBootTestArgs@1, org.springframework.boot.test.context.SpringBootTestWebEnvironment@7e5afaa6], resourceBasePath = 'src/main/webapp', contextLoader = 'org.springframework.boot.test.context.SpringBootContextLoader', parent = [null]], attributes = map['org.springframework.test.context.web.ServletTestExecutionListener.activateListener' -> true, 'org.springframework.test.context.web.ServletTestExecutionListener.populatedRequestContextHolder' -> true, 'org.springframework.test.context.web.ServletTestExecutionListener.resetRequestContextHolder' -> true, 'org.springframework.test.context.event.ApplicationEventsTestExecutionListener.recordApplicationEvents' -> false]]
]]></system-out>
  <system-err><![CDATA[]]></system-err>
</testsuite>
