<?xml version="1.0" encoding="UTF-8"?>
<testsuite name="com.kodilla.ecommercee.groupTests.GroupTestSuit" tests="3" skipped="0" failures="0" errors="0" timestamp="2024-03-23T14:10:48" hostname="MICHAL" time="0.026">
  <properties/>
  <testcase name="testGroupRepositoryFindById()" classname="com.kodilla.ecommercee.groupTests.GroupTestSuit" time="0.007"/>
  <testcase name="testGroupRepositorySave()" classname="com.kodilla.ecommercee.groupTests.GroupTestSuit" time="0.007"/>
  <testcase name="testProductFindAll()" classname="com.kodilla.ecommercee.groupTests.GroupTestSuit" time="0.011"/>
  <system-out><![CDATA[2024-03-23 15:10:48.512  INFO 9900 --- [    Test worker] .b.t.c.SpringBootTestContextBootstrapper : Neither @ContextConfiguration nor @ContextHierarchy found for test class [com.kodilla.ecommercee.groupTests.GroupTestSuit], using SpringBootContextLoader
2024-03-23 15:10:48.513  INFO 9900 --- [    Test worker] o.s.t.c.support.AbstractContextLoader    : Could not detect default resource locations for test class [com.kodilla.ecommercee.groupTests.GroupTestSuit]: no resource found for suffixes {-context.xml, Context.groovy}.
2024-03-23 15:10:48.513  INFO 9900 --- [    Test worker] t.c.s.AnnotationConfigContextLoaderUtils : Could not detect default configuration classes for test class [com.kodilla.ecommercee.groupTests.GroupTestSuit]: GroupTestSuit does not declare any static, non-private, non-final, nested classes annotated with @Configuration.
2024-03-23 15:10:48.516  INFO 9900 --- [    Test worker] .b.t.c.SpringBootTestContextBootstrapper : Found @SpringBootConfiguration com.kodilla.ecommercee.EcommerceeApplication for test class com.kodilla.ecommercee.groupTests.GroupTestSuit
2024-03-23 15:10:48.517  INFO 9900 --- [    Test worker] .b.t.c.SpringBootTestContextBootstrapper : Loaded default TestExecutionListener class names from location [META-INF/spring.factories]: [org.springframework.boot.test.autoconfigure.restdocs.RestDocsTestExecutionListener, org.springframework.boot.test.autoconfigure.web.client.MockRestServiceServerResetTestExecutionListener, org.springframework.boot.test.autoconfigure.web.servlet.MockMvcPrintOnlyOnFailureTestExecutionListener, org.springframework.boot.test.autoconfigure.web.servlet.WebDriverTestExecutionListener, org.springframework.boot.test.autoconfigure.webservices.client.MockWebServiceServerTestExecutionListener, org.springframework.boot.test.mock.mockito.MockitoTestExecutionListener, org.springframework.boot.test.mock.mockito.ResetMocksTestExecutionListener, org.springframework.test.context.web.ServletTestExecutionListener, org.springframework.test.context.support.DirtiesContextBeforeModesTestExecutionListener, org.springframework.test.context.event.ApplicationEventsTestExecutionListener, org.springframework.test.context.support.DependencyInjectionTestExecutionListener, org.springframework.test.context.support.DirtiesContextTestExecutionListener, org.springframework.test.context.transaction.TransactionalTestExecutionListener, org.springframework.test.context.jdbc.SqlScriptsTestExecutionListener, org.springframework.test.context.event.EventPublishingTestExecutionListener]
2024-03-23 15:10:48.517  INFO 9900 --- [    Test worker] .b.t.c.SpringBootTestContextBootstrapper : Using TestExecutionListeners: [org.springframework.test.context.web.ServletTestExecutionListener@47b5c247, org.springframework.test.context.support.DirtiesContextBeforeModesTestExecutionListener@4057eb76, org.springframework.test.context.event.ApplicationEventsTestExecutionListener@4ac64dc2, org.springframework.boot.test.mock.mockito.MockitoTestExecutionListener@1c61011b, org.springframework.boot.test.autoconfigure.SpringBootDependencyInjectionTestExecutionListener@75af5f2a, org.springframework.test.context.support.DirtiesContextTestExecutionListener@adc06b2, org.springframework.test.context.transaction.TransactionalTestExecutionListener@728cf276, org.springframework.test.context.jdbc.SqlScriptsTestExecutionListener@66f15ce5, org.springframework.test.context.event.EventPublishingTestExecutionListener@69a8191e, org.springframework.boot.test.autoconfigure.restdocs.RestDocsTestExecutionListener@3ab7b0f, org.springframework.boot.test.autoconfigure.web.client.MockRestServiceServerResetTestExecutionListener@1621264e, org.springframework.boot.test.autoconfigure.web.servlet.MockMvcPrintOnlyOnFailureTestExecutionListener@7a5b561b, org.springframework.boot.test.autoconfigure.web.servlet.WebDriverTestExecutionListener@5392c0a7, org.springframework.boot.test.autoconfigure.webservices.client.MockWebServiceServerTestExecutionListener@bb9bad9, org.springframework.boot.test.mock.mockito.ResetMocksTestExecutionListener@1435feb6]
2024-03-23 15:10:48.520  INFO 9900 --- [    Test worker] o.s.t.c.transaction.TransactionContext   : Began transaction (1) for test context [DefaultTestContext@71acf065 testClass = GroupTestSuit, testInstance = com.kodilla.ecommercee.groupTests.GroupTestSuit@3705e3fb, testMethod = testGroupRepositoryFindById@GroupTestSuit, testException = [null], mergedContextConfiguration = [WebMergedContextConfiguration@cfe7be3 testClass = GroupTestSuit, locations = '{}', classes = '{class com.kodilla.ecommercee.EcommerceeApplication}', contextInitializerClasses = '[]', activeProfiles = '{}', propertySourceLocations = '{}', propertySourceProperties = '{org.springframework.boot.test.context.SpringBootTestContextBootstrapper=true}', contextCustomizers = set[org.springframework.boot.test.autoconfigure.actuate.metrics.MetricsExportContextCustomizerFactory$DisableMetricExportContextCustomizer@6d1ef78d, org.springframework.boot.test.autoconfigure.properties.PropertyMappingContextCustomizer@0, org.springframework.boot.test.autoconfigure.web.servlet.WebDriverContextCustomizerFactory$Customizer@77258e59, org.springframework.boot.test.context.filter.ExcludeFilterContextCustomizer@142269f2, org.springframework.boot.test.json.DuplicateJsonObjectContextCustomizerFactory$DuplicateJsonObjectContextCustomizer@8dbfffb, org.springframework.boot.test.mock.mockito.MockitoContextCustomizer@0, org.springframework.boot.test.web.client.TestRestTemplateContextCustomizer@530712d, org.springframework.boot.test.context.SpringBootTestArgs@1, org.springframework.boot.test.context.SpringBootTestWebEnvironment@7e5afaa6], resourceBasePath = 'src/main/webapp', contextLoader = 'org.springframework.boot.test.context.SpringBootContextLoader', parent = [null]], attributes = map['org.springframework.test.context.web.ServletTestExecutionListener.activateListener' -> true, 'org.springframework.test.context.web.ServletTestExecutionListener.populatedRequestContextHolder' -> true, 'org.springframework.test.context.web.ServletTestExecutionListener.resetRequestContextHolder' -> true, 'org.springframework.test.context.event.ApplicationEventsTestExecutionListener.recordApplicationEvents' -> false]]; transaction manager [org.springframework.orm.jpa.JpaTransactionManager@21d561c9]; rollback [true]
2024-03-23 15:10:48.526  INFO 9900 --- [    Test worker] o.s.t.c.transaction.TransactionContext   : Rolled back transaction for test: [DefaultTestContext@71acf065 testClass = GroupTestSuit, testInstance = com.kodilla.ecommercee.groupTests.GroupTestSuit@3705e3fb, testMethod = testGroupRepositoryFindById@GroupTestSuit, testException = [null], mergedContextConfiguration = [WebMergedContextConfiguration@cfe7be3 testClass = GroupTestSuit, locations = '{}', classes = '{class com.kodilla.ecommercee.EcommerceeApplication}', contextInitializerClasses = '[]', activeProfiles = '{}', propertySourceLocations = '{}', propertySourceProperties = '{org.springframework.boot.test.context.SpringBootTestContextBootstrapper=true}', contextCustomizers = set[org.springframework.boot.test.autoconfigure.actuate.metrics.MetricsExportContextCustomizerFactory$DisableMetricExportContextCustomizer@6d1ef78d, org.springframework.boot.test.autoconfigure.properties.PropertyMappingContextCustomizer@0, org.springframework.boot.test.autoconfigure.web.servlet.WebDriverContextCustomizerFactory$Customizer@77258e59, org.springframework.boot.test.context.filter.ExcludeFilterContextCustomizer@142269f2, org.springframework.boot.test.json.DuplicateJsonObjectContextCustomizerFactory$DuplicateJsonObjectContextCustomizer@8dbfffb, org.springframework.boot.test.mock.mockito.MockitoContextCustomizer@0, org.springframework.boot.test.web.client.TestRestTemplateContextCustomizer@530712d, org.springframework.boot.test.context.SpringBootTestArgs@1, org.springframework.boot.test.context.SpringBootTestWebEnvironment@7e5afaa6], resourceBasePath = 'src/main/webapp', contextLoader = 'org.springframework.boot.test.context.SpringBootContextLoader', parent = [null]], attributes = map['org.springframework.test.context.web.ServletTestExecutionListener.activateListener' -> true, 'org.springframework.test.context.web.ServletTestExecutionListener.populatedRequestContextHolder' -> true, 'org.springframework.test.context.web.ServletTestExecutionListener.resetRequestContextHolder' -> true, 'org.springframework.test.context.event.ApplicationEventsTestExecutionListener.recordApplicationEvents' -> false]]
2024-03-23 15:10:48.527  INFO 9900 --- [    Test worker] o.s.t.c.transaction.TransactionContext   : Began transaction (1) for test context [DefaultTestContext@71acf065 testClass = GroupTestSuit, testInstance = com.kodilla.ecommercee.groupTests.GroupTestSuit@135ec43a, testMethod = testGroupRepositorySave@GroupTestSuit, testException = [null], mergedContextConfiguration = [WebMergedContextConfiguration@cfe7be3 testClass = GroupTestSuit, locations = '{}', classes = '{class com.kodilla.ecommercee.EcommerceeApplication}', contextInitializerClasses = '[]', activeProfiles = '{}', propertySourceLocations = '{}', propertySourceProperties = '{org.springframework.boot.test.context.SpringBootTestContextBootstrapper=true}', contextCustomizers = set[org.springframework.boot.test.autoconfigure.actuate.metrics.MetricsExportContextCustomizerFactory$DisableMetricExportContextCustomizer@6d1ef78d, org.springframework.boot.test.autoconfigure.properties.PropertyMappingContextCustomizer@0, org.springframework.boot.test.autoconfigure.web.servlet.WebDriverContextCustomizerFactory$Customizer@77258e59, org.springframework.boot.test.context.filter.ExcludeFilterContextCustomizer@142269f2, org.springframework.boot.test.json.DuplicateJsonObjectContextCustomizerFactory$DuplicateJsonObjectContextCustomizer@8dbfffb, org.springframework.boot.test.mock.mockito.MockitoContextCustomizer@0, org.springframework.boot.test.web.client.TestRestTemplateContextCustomizer@530712d, org.springframework.boot.test.context.SpringBootTestArgs@1, org.springframework.boot.test.context.SpringBootTestWebEnvironment@7e5afaa6], resourceBasePath = 'src/main/webapp', contextLoader = 'org.springframework.boot.test.context.SpringBootContextLoader', parent = [null]], attributes = map['org.springframework.test.context.web.ServletTestExecutionListener.activateListener' -> true, 'org.springframework.test.context.web.ServletTestExecutionListener.populatedRequestContextHolder' -> true, 'org.springframework.test.context.web.ServletTestExecutionListener.resetRequestContextHolder' -> true, 'org.springframework.test.context.event.ApplicationEventsTestExecutionListener.recordApplicationEvents' -> false]]; transaction manager [org.springframework.orm.jpa.JpaTransactionManager@21d561c9]; rollback [true]
2024-03-23 15:10:48.533  INFO 9900 --- [    Test worker] o.s.t.c.transaction.TransactionContext   : Rolled back transaction for test: [DefaultTestContext@71acf065 testClass = GroupTestSuit, testInstance = com.kodilla.ecommercee.groupTests.GroupTestSuit@135ec43a, testMethod = testGroupRepositorySave@GroupTestSuit, testException = [null], mergedContextConfiguration = [WebMergedContextConfiguration@cfe7be3 testClass = GroupTestSuit, locations = '{}', classes = '{class com.kodilla.ecommercee.EcommerceeApplication}', contextInitializerClasses = '[]', activeProfiles = '{}', propertySourceLocations = '{}', propertySourceProperties = '{org.springframework.boot.test.context.SpringBootTestContextBootstrapper=true}', contextCustomizers = set[org.springframework.boot.test.autoconfigure.actuate.metrics.MetricsExportContextCustomizerFactory$DisableMetricExportContextCustomizer@6d1ef78d, org.springframework.boot.test.autoconfigure.properties.PropertyMappingContextCustomizer@0, org.springframework.boot.test.autoconfigure.web.servlet.WebDriverContextCustomizerFactory$Customizer@77258e59, org.springframework.boot.test.context.filter.ExcludeFilterContextCustomizer@142269f2, org.springframework.boot.test.json.DuplicateJsonObjectContextCustomizerFactory$DuplicateJsonObjectContextCustomizer@8dbfffb, org.springframework.boot.test.mock.mockito.MockitoContextCustomizer@0, org.springframework.boot.test.web.client.TestRestTemplateContextCustomizer@530712d, org.springframework.boot.test.context.SpringBootTestArgs@1, org.springframework.boot.test.context.SpringBootTestWebEnvironment@7e5afaa6], resourceBasePath = 'src/main/webapp', contextLoader = 'org.springframework.boot.test.context.SpringBootContextLoader', parent = [null]], attributes = map['org.springframework.test.context.web.ServletTestExecutionListener.activateListener' -> true, 'org.springframework.test.context.web.ServletTestExecutionListener.populatedRequestContextHolder' -> true, 'org.springframework.test.context.web.ServletTestExecutionListener.resetRequestContextHolder' -> true, 'org.springframework.test.context.event.ApplicationEventsTestExecutionListener.recordApplicationEvents' -> false]]
2024-03-23 15:10:48.535  INFO 9900 --- [    Test worker] o.s.t.c.transaction.TransactionContext   : Began transaction (1) for test context [DefaultTestContext@71acf065 testClass = GroupTestSuit, testInstance = com.kodilla.ecommercee.groupTests.GroupTestSuit@5c96cbe7, testMethod = testProductFindAll@GroupTestSuit, testException = [null], mergedContextConfiguration = [WebMergedContextConfiguration@cfe7be3 testClass = GroupTestSuit, locations = '{}', classes = '{class com.kodilla.ecommercee.EcommerceeApplication}', contextInitializerClasses = '[]', activeProfiles = '{}', propertySourceLocations = '{}', propertySourceProperties = '{org.springframework.boot.test.context.SpringBootTestContextBootstrapper=true}', contextCustomizers = set[org.springframework.boot.test.autoconfigure.actuate.metrics.MetricsExportContextCustomizerFactory$DisableMetricExportContextCustomizer@6d1ef78d, org.springframework.boot.test.autoconfigure.properties.PropertyMappingContextCustomizer@0, org.springframework.boot.test.autoconfigure.web.servlet.WebDriverContextCustomizerFactory$Customizer@77258e59, org.springframework.boot.test.context.filter.ExcludeFilterContextCustomizer@142269f2, org.springframework.boot.test.json.DuplicateJsonObjectContextCustomizerFactory$DuplicateJsonObjectContextCustomizer@8dbfffb, org.springframework.boot.test.mock.mockito.MockitoContextCustomizer@0, org.springframework.boot.test.web.client.TestRestTemplateContextCustomizer@530712d, org.springframework.boot.test.context.SpringBootTestArgs@1, org.springframework.boot.test.context.SpringBootTestWebEnvironment@7e5afaa6], resourceBasePath = 'src/main/webapp', contextLoader = 'org.springframework.boot.test.context.SpringBootContextLoader', parent = [null]], attributes = map['org.springframework.test.context.web.ServletTestExecutionListener.activateListener' -> true, 'org.springframework.test.context.web.ServletTestExecutionListener.populatedRequestContextHolder' -> true, 'org.springframework.test.context.web.ServletTestExecutionListener.resetRequestContextHolder' -> true, 'org.springframework.test.context.event.ApplicationEventsTestExecutionListener.recordApplicationEvents' -> false]]; transaction manager [org.springframework.orm.jpa.JpaTransactionManager@21d561c9]; rollback [true]
2024-03-23 15:10:48.544  INFO 9900 --- [    Test worker] o.s.t.c.transaction.TransactionContext   : Rolled back transaction for test: [DefaultTestContext@71acf065 testClass = GroupTestSuit, testInstance = com.kodilla.ecommercee.groupTests.GroupTestSuit@5c96cbe7, testMethod = testProductFindAll@GroupTestSuit, testException = [null], mergedContextConfiguration = [WebMergedContextConfiguration@cfe7be3 testClass = GroupTestSuit, locations = '{}', classes = '{class com.kodilla.ecommercee.EcommerceeApplication}', contextInitializerClasses = '[]', activeProfiles = '{}', propertySourceLocations = '{}', propertySourceProperties = '{org.springframework.boot.test.context.SpringBootTestContextBootstrapper=true}', contextCustomizers = set[org.springframework.boot.test.autoconfigure.actuate.metrics.MetricsExportContextCustomizerFactory$DisableMetricExportContextCustomizer@6d1ef78d, org.springframework.boot.test.autoconfigure.properties.PropertyMappingContextCustomizer@0, org.springframework.boot.test.autoconfigure.web.servlet.WebDriverContextCustomizerFactory$Customizer@77258e59, org.springframework.boot.test.context.filter.ExcludeFilterContextCustomizer@142269f2, org.springframework.boot.test.json.DuplicateJsonObjectContextCustomizerFactory$DuplicateJsonObjectContextCustomizer@8dbfffb, org.springframework.boot.test.mock.mockito.MockitoContextCustomizer@0, org.springframework.boot.test.web.client.TestRestTemplateContextCustomizer@530712d, org.springframework.boot.test.context.SpringBootTestArgs@1, org.springframework.boot.test.context.SpringBootTestWebEnvironment@7e5afaa6], resourceBasePath = 'src/main/webapp', contextLoader = 'org.springframework.boot.test.context.SpringBootContextLoader', parent = [null]], attributes = map['org.springframework.test.context.web.ServletTestExecutionListener.activateListener' -> true, 'org.springframework.test.context.web.ServletTestExecutionListener.populatedRequestContextHolder' -> true, 'org.springframework.test.context.web.ServletTestExecutionListener.resetRequestContextHolder' -> true, 'org.springframework.test.context.event.ApplicationEventsTestExecutionListener.recordApplicationEvents' -> false]]
]]></system-out>
  <system-err><![CDATA[]]></system-err>
</testsuite>
