<?xml version="1.0" encoding="UTF-8"?>
<testsuite name="com.kodilla.ecommercee.productTest.ProductEntityTestSuite" tests="4" skipped="0" failures="0" errors="0" timestamp="2024-03-23T14:10:48" hostname="MICHAL" time="0.046">
  <properties/>
  <testcase name="testProductDeleteById()" classname="com.kodilla.ecommercee.productTest.ProductEntityTestSuite" time="0.014"/>
  <testcase name="testProductRepositorySave()" classname="com.kodilla.ecommercee.productTest.ProductEntityTestSuite" time="0.01"/>
  <testcase name="testOrderRepositoryFindById()" classname="com.kodilla.ecommercee.productTest.ProductEntityTestSuite" time="0.007"/>
  <testcase name="testProductFindAll()" classname="com.kodilla.ecommercee.productTest.ProductEntityTestSuite" time="0.013"/>
  <system-out><![CDATA[2024-03-23 15:10:48.596  INFO 9900 --- [    Test worker] .b.t.c.SpringBootTestContextBootstrapper : Neither @ContextConfiguration nor @ContextHierarchy found for test class [com.kodilla.ecommercee.productTest.ProductEntityTestSuite], using SpringBootContextLoader
2024-03-23 15:10:48.597  INFO 9900 --- [    Test worker] o.s.t.c.support.AbstractContextLoader    : Could not detect default resource locations for test class [com.kodilla.ecommercee.productTest.ProductEntityTestSuite]: no resource found for suffixes {-context.xml, Context.groovy}.
2024-03-23 15:10:48.597  INFO 9900 --- [    Test worker] t.c.s.AnnotationConfigContextLoaderUtils : Could not detect default configuration classes for test class [com.kodilla.ecommercee.productTest.ProductEntityTestSuite]: ProductEntityTestSuite does not declare any static, non-private, non-final, nested classes annotated with @Configuration.
2024-03-23 15:10:48.600  INFO 9900 --- [    Test worker] .b.t.c.SpringBootTestContextBootstrapper : Found @SpringBootConfiguration com.kodilla.ecommercee.EcommerceeApplication for test class com.kodilla.ecommercee.productTest.ProductEntityTestSuite
2024-03-23 15:10:48.603  INFO 9900 --- [    Test worker] .b.t.c.SpringBootTestContextBootstrapper : Loaded default TestExecutionListener class names from location [META-INF/spring.factories]: [org.springframework.boot.test.autoconfigure.restdocs.RestDocsTestExecutionListener, org.springframework.boot.test.autoconfigure.web.client.MockRestServiceServerResetTestExecutionListener, org.springframework.boot.test.autoconfigure.web.servlet.MockMvcPrintOnlyOnFailureTestExecutionListener, org.springframework.boot.test.autoconfigure.web.servlet.WebDriverTestExecutionListener, org.springframework.boot.test.autoconfigure.webservices.client.MockWebServiceServerTestExecutionListener, org.springframework.boot.test.mock.mockito.MockitoTestExecutionListener, org.springframework.boot.test.mock.mockito.ResetMocksTestExecutionListener, org.springframework.test.context.web.ServletTestExecutionListener, org.springframework.test.context.support.DirtiesContextBeforeModesTestExecutionListener, org.springframework.test.context.event.ApplicationEventsTestExecutionListener, org.springframework.test.context.support.DependencyInjectionTestExecutionListener, org.springframework.test.context.support.DirtiesContextTestExecutionListener, org.springframework.test.context.transaction.TransactionalTestExecutionListener, org.springframework.test.context.jdbc.SqlScriptsTestExecutionListener, org.springframework.test.context.event.EventPublishingTestExecutionListener]
2024-03-23 15:10:48.603  INFO 9900 --- [    Test worker] .b.t.c.SpringBootTestContextBootstrapper : Using TestExecutionListeners: [org.springframework.test.context.web.ServletTestExecutionListener@35cc5b75, org.springframework.test.context.support.DirtiesContextBeforeModesTestExecutionListener@466a5b80, org.springframework.test.context.event.ApplicationEventsTestExecutionListener@f6921b7, org.springframework.boot.test.mock.mockito.MockitoTestExecutionListener@19cee7ed, org.springframework.boot.test.autoconfigure.SpringBootDependencyInjectionTestExecutionListener@4e8e0052, org.springframework.test.context.support.DirtiesContextTestExecutionListener@5a2ce458, org.springframework.test.context.transaction.TransactionalTestExecutionListener@1c8e1233, org.springframework.test.context.jdbc.SqlScriptsTestExecutionListener@72117fc0, org.springframework.test.context.event.EventPublishingTestExecutionListener@4ca37d40, org.springframework.boot.test.autoconfigure.restdocs.RestDocsTestExecutionListener@71904ea8, org.springframework.boot.test.autoconfigure.web.client.MockRestServiceServerResetTestExecutionListener@1d63c523, org.springframework.boot.test.autoconfigure.web.servlet.MockMvcPrintOnlyOnFailureTestExecutionListener@64f55630, org.springframework.boot.test.autoconfigure.web.servlet.WebDriverTestExecutionListener@336b6e93, org.springframework.boot.test.autoconfigure.webservices.client.MockWebServiceServerTestExecutionListener@40fd9358, org.springframework.boot.test.mock.mockito.ResetMocksTestExecutionListener@43b41cb9]
]]></system-out>
  <system-err><![CDATA[]]></system-err>
</testsuite>
