<?xml version="1.0" encoding="UTF-8"?>
<testsuite name="com.kodilla.ecommercee.SpringBootJPAIntegrationTest" tests="1" skipped="0" failures="0" errors="0" timestamp="2024-03-23T14:10:48" hostname="MICHAL" time="0.032">
  <properties/>
  <testcase name="givenGenericEntityRepository_whenSaveAndRetreiveEntity_thenOK()" classname="com.kodilla.ecommercee.SpringBootJPAIntegrationTest" time="0.032"/>
  <system-out><![CDATA[2024-03-23 15:10:48.189  INFO 9900 --- [    Test worker] .b.t.c.SpringBootTestContextBootstrapper : Neither @ContextConfiguration nor @ContextHierarchy found for test class [com.kodilla.ecommercee.SpringBootJPAIntegrationTest], using SpringBootContextLoader
2024-03-23 15:10:48.190  INFO 9900 --- [    Test worker] o.s.t.c.support.AbstractContextLoader    : Could not detect default resource locations for test class [com.kodilla.ecommercee.SpringBootJPAIntegrationTest]: no resource found for suffixes {-context.xml, Context.groovy}.
2024-03-23 15:10:48.190  INFO 9900 --- [    Test worker] t.c.s.AnnotationConfigContextLoaderUtils : Could not detect default configuration classes for test class [com.kodilla.ecommercee.SpringBootJPAIntegrationTest]: SpringBootJPAIntegrationTest does not declare any static, non-private, non-final, nested classes annotated with @Configuration.
2024-03-23 15:10:48.191  INFO 9900 --- [    Test worker] .b.t.c.SpringBootTestContextBootstrapper : Found @SpringBootConfiguration com.kodilla.ecommercee.EcommerceeApplication for test class com.kodilla.ecommercee.SpringBootJPAIntegrationTest
2024-03-23 15:10:48.192  INFO 9900 --- [    Test worker] .b.t.c.SpringBootTestContextBootstrapper : Loaded default TestExecutionListener class names from location [META-INF/spring.factories]: [org.springframework.boot.test.autoconfigure.restdocs.RestDocsTestExecutionListener, org.springframework.boot.test.autoconfigure.web.client.MockRestServiceServerResetTestExecutionListener, org.springframework.boot.test.autoconfigure.web.servlet.MockMvcPrintOnlyOnFailureTestExecutionListener, org.springframework.boot.test.autoconfigure.web.servlet.WebDriverTestExecutionListener, org.springframework.boot.test.autoconfigure.webservices.client.MockWebServiceServerTestExecutionListener, org.springframework.boot.test.mock.mockito.MockitoTestExecutionListener, org.springframework.boot.test.mock.mockito.ResetMocksTestExecutionListener, org.springframework.test.context.web.ServletTestExecutionListener, org.springframework.test.context.support.DirtiesContextBeforeModesTestExecutionListener, org.springframework.test.context.event.ApplicationEventsTestExecutionListener, org.springframework.test.context.support.DependencyInjectionTestExecutionListener, org.springframework.test.context.support.DirtiesContextTestExecutionListener, org.springframework.test.context.transaction.TransactionalTestExecutionListener, org.springframework.test.context.jdbc.SqlScriptsTestExecutionListener, org.springframework.test.context.event.EventPublishingTestExecutionListener]
2024-03-23 15:10:48.192  INFO 9900 --- [    Test worker] .b.t.c.SpringBootTestContextBootstrapper : Using TestExecutionListeners: [org.springframework.test.context.web.ServletTestExecutionListener@7e93e396, org.springframework.test.context.support.DirtiesContextBeforeModesTestExecutionListener@f1e8753, org.springframework.test.context.event.ApplicationEventsTestExecutionListener@1676e501, org.springframework.boot.test.mock.mockito.MockitoTestExecutionListener@1ed763aa, org.springframework.boot.test.autoconfigure.SpringBootDependencyInjectionTestExecutionListener@7f39bcb5, org.springframework.test.context.support.DirtiesContextTestExecutionListener@4e6881e, org.springframework.test.context.transaction.TransactionalTestExecutionListener@25192b6e, org.springframework.test.context.jdbc.SqlScriptsTestExecutionListener@76d654, org.springframework.test.context.event.EventPublishingTestExecutionListener@32180efb, org.springframework.boot.test.autoconfigure.restdocs.RestDocsTestExecutionListener@20ed6de, org.springframework.boot.test.autoconfigure.web.client.MockRestServiceServerResetTestExecutionListener@6ea0dfaa, org.springframework.boot.test.autoconfigure.web.servlet.MockMvcPrintOnlyOnFailureTestExecutionListener@5852605c, org.springframework.boot.test.autoconfigure.web.servlet.WebDriverTestExecutionListener@2acfd27b, org.springframework.boot.test.autoconfigure.webservices.client.MockWebServiceServerTestExecutionListener@5e8359da, org.springframework.boot.test.mock.mockito.ResetMocksTestExecutionListener@36b6802f]
]]></system-out>
  <system-err><![CDATA[]]></system-err>
</testsuite>
