<?xml version="1.0" encoding="UTF-8"?>
<testsuite name="com.kodilla.ecommercee.EcommerceeApplicationTests" tests="1" skipped="0" failures="0" errors="0" timestamp="2024-03-23T14:10:48" hostname="MICHAL" time="0.002">
  <properties/>
  <testcase name="contextLoads()" classname="com.kodilla.ecommercee.EcommerceeApplicationTests" time="0.002"/>
  <system-out><![CDATA[2024-03-23 15:10:48.178  INFO 9900 --- [    Test worker] .b.t.c.SpringBootTestContextBootstrapper : Neither @ContextConfiguration nor @ContextHierarchy found for test class [com.kodilla.ecommercee.EcommerceeApplicationTests], using SpringBootContextLoader
2024-03-23 15:10:48.179  INFO 9900 --- [    Test worker] o.s.t.c.support.AbstractContextLoader    : Could not detect default resource locations for test class [com.kodilla.ecommercee.EcommerceeApplicationTests]: no resource found for suffixes {-context.xml, Context.groovy}.
2024-03-23 15:10:48.179  INFO 9900 --- [    Test worker] t.c.s.AnnotationConfigContextLoaderUtils : Could not detect default configuration classes for test class [com.kodilla.ecommercee.EcommerceeApplicationTests]: EcommerceeApplicationTests does not declare any static, non-private, non-final, nested classes annotated with @Configuration.
2024-03-23 15:10:48.181  INFO 9900 --- [    Test worker] .b.t.c.SpringBootTestContextBootstrapper : Found @SpringBootConfiguration com.kodilla.ecommercee.EcommerceeApplication for test class com.kodilla.ecommercee.EcommerceeApplicationTests
2024-03-23 15:10:48.182  INFO 9900 --- [    Test worker] .b.t.c.SpringBootTestContextBootstrapper : Loaded default TestExecutionListener class names from location [META-INF/spring.factories]: [org.springframework.boot.test.autoconfigure.restdocs.RestDocsTestExecutionListener, org.springframework.boot.test.autoconfigure.web.client.MockRestServiceServerResetTestExecutionListener, org.springframework.boot.test.autoconfigure.web.servlet.MockMvcPrintOnlyOnFailureTestExecutionListener, org.springframework.boot.test.autoconfigure.web.servlet.WebDriverTestExecutionListener, org.springframework.boot.test.autoconfigure.webservices.client.MockWebServiceServerTestExecutionListener, org.springframework.boot.test.mock.mockito.MockitoTestExecutionListener, org.springframework.boot.test.mock.mockito.ResetMocksTestExecutionListener, org.springframework.test.context.web.ServletTestExecutionListener, org.springframework.test.context.support.DirtiesContextBeforeModesTestExecutionListener, org.springframework.test.context.event.ApplicationEventsTestExecutionListener, org.springframework.test.context.support.DependencyInjectionTestExecutionListener, org.springframework.test.context.support.DirtiesContextTestExecutionListener, org.springframework.test.context.transaction.TransactionalTestExecutionListener, org.springframework.test.context.jdbc.SqlScriptsTestExecutionListener, org.springframework.test.context.event.EventPublishingTestExecutionListener]
2024-03-23 15:10:48.183  INFO 9900 --- [    Test worker] .b.t.c.SpringBootTestContextBootstrapper : Using TestExecutionListeners: [org.springframework.test.context.web.ServletTestExecutionListener@68596992, org.springframework.test.context.support.DirtiesContextBeforeModesTestExecutionListener@5f0c45ae, org.springframework.test.context.event.ApplicationEventsTestExecutionListener@66d62c59, org.springframework.boot.test.mock.mockito.MockitoTestExecutionListener@f1b006b, org.springframework.boot.test.autoconfigure.SpringBootDependencyInjectionTestExecutionListener@2c2dfde3, org.springframework.test.context.support.DirtiesContextTestExecutionListener@1131fcfd, org.springframework.test.context.transaction.TransactionalTestExecutionListener@46d2be66, org.springframework.test.context.jdbc.SqlScriptsTestExecutionListener@119de68f, org.springframework.test.context.event.EventPublishingTestExecutionListener@529cd3ba, org.springframework.boot.test.autoconfigure.restdocs.RestDocsTestExecutionListener@4c541b00, org.springframework.boot.test.autoconfigure.web.client.MockRestServiceServerResetTestExecutionListener@1f26bd62, org.springframework.boot.test.autoconfigure.web.servlet.MockMvcPrintOnlyOnFailureTestExecutionListener@61f18997, org.springframework.boot.test.autoconfigure.web.servlet.WebDriverTestExecutionListener@55448710, org.springframework.boot.test.autoconfigure.webservices.client.MockWebServiceServerTestExecutionListener@39240aa3, org.springframework.boot.test.mock.mockito.ResetMocksTestExecutionListener@13c36d48]
]]></system-out>
  <system-err><![CDATA[]]></system-err>
</testsuite>
